<?xml version="1.0" encoding="UTF-8"?>
<!-- Generated by org.testng.reporters.JUnitXMLReporter -->
<testsuite hostname="onebill-Latitude-3410" ignored="0" name="AddWatchto cart" tests="1" failures="0" timestamp="22 Aug 2021 08:43:04 GMT" time="0.019" errors="0">
  <testcase name="@BeforeClass ConfigBeforeClass" time="0.003" classname="com.pms.commonutils.BaseClass">
    <failure type="org.openqa.selenium.NoSuchSessionException" message="Session ID is null. Using WebDriver after calling quit()?
Build info: version: &amp;apos;3.141.59&amp;apos;, revision: &amp;apos;e82be7d358&amp;apos;, time: &amp;apos;2018-11-14T08:17:03&amp;apos;
System info: host: &amp;apos;onebill-Latitude-3410&amp;apos;, ip: &amp;apos;127.0.1.1&amp;apos;, os.name: &amp;apos;Linux&amp;apos;, os.arch: &amp;apos;amd64&amp;apos;, os.version: &amp;apos;5.4.0-81-generic&amp;apos;, java.version: &amp;apos;1.8.0_292&amp;apos;
Driver info: driver.version: RemoteWebDriver">
      <![CDATA[org.openqa.selenium.NoSuchSessionException: Session ID is null. Using WebDriver after calling quit()?
Build info: version: '3.141.59', revision: 'e82be7d358', time: '2018-11-14T08:17:03'
System info: host: 'onebill-Latitude-3410', ip: '127.0.1.1', os.name: 'Linux', os.arch: 'amd64', os.version: '5.4.0-81-generic', java.version: '1.8.0_292'
Driver info: driver.version: RemoteWebDriver
at org.openqa.selenium.remote.HttpCommandExecutor.execute(HttpCommandExecutor.java:125)
at org.openqa.selenium.remote.service.DriverCommandExecutor.execute(DriverCommandExecutor.java:83)
at org.openqa.selenium.remote.RemoteWebDriver.execute(RemoteWebDriver.java:552)
at org.openqa.selenium.remote.RemoteWebDriver$RemoteWebDriverOptions$RemoteTimeouts.implicitlyWait(RemoteWebDriver.java:780)
at com.pms.commonutils.TestBase.initialize(TestBase.java:39)
at com.pms.commonutils.BaseClass.ConfigBeforeClass(BaseClass.java:33)
... Removed 26 stack frames]]>
    </failure>
  </testcase> <!-- @BeforeClass ConfigBeforeClass -->
  <testcase name="@AfterClass configAfterClass" time="0.0" classname="com.pms.commonutils.BaseClass">
    <skipped/>
  </testcase> <!-- @AfterClass configAfterClass -->
  <testcase name="add" time="0.0" classname="com.amazon.mobile.AddWatchToCartTest">
    <skipped/>
  </testcase> <!-- add -->
</testsuite> <!-- AddWatchto cart -->
