<?xml version="1.0" encoding="UTF-8"?>
<!-- Generated by org.testng.reporters.JUnitXMLReporter -->
<testsuite hostname="onebill-Latitude-3410" ignored="0" name="Amazon Login for valid PhoneNumber and Invalid Password" tests="1" failures="1" timestamp="23 Aug 2021 13:50:00 GMT" time="3.988" errors="0">
  <testcase name="adhoc2" time="3.975" classname="com.amazon.watch.AdhocScenari2Test">
    <failure type="java.lang.AssertionError" message="The following asserts failed:
	expected [Your password is incorrect] but found [We cannot find an account with that mobile number]">
      <![CDATA[java.lang.AssertionError: The following asserts failed:
expected [Your password is incorrect] but found [We cannot find an account with that mobile number]
at com.amazon.watch.AdhocScenari2Test.adhoc2(AdhocScenari2Test.java:35)
... Removed 26 stack frames]]>
    </failure>
  </testcase> <!-- adhoc2 -->
</testsuite> <!-- Amazon Login for valid PhoneNumber and Invalid Password -->
